<?xml version="1.0" encoding="UTF-8"?>
<!-- Generated by org.testng.reporters.JUnitXMLReporter -->
<testsuite ignored="11" hostname="DESKTOP-QCF3R5E" failures="0" tests="3" name="Default test" time="344.807" errors="0" timestamp="2024-07-04T18:34:54 IST">
  <testcase classname="com.bestbuy.tests.Test_BestBuy_Ecommerce" name="launchbrowser_Navigate_to_url" time="77.528"/>
  <testcase classname="com.bestbuy.tests.Test_BestBuy_Ecommerce" name="Validate_Url_TestCase" time="166.744"/>
  <testcase classname="com.bestbuy.tests.Test_BestBuy_Ecommerce" name="signup_functionality_TestCase" time="71.093"/>
  <testcase classname="com.bestbuy.tests.Test_BestBuy_Ecommerce" name="Navigate_CheckoutPage" time="0.0">
    <ignored/>
  </testcase> <!-- Navigate_CheckoutPage -->
  <testcase classname="com.bestbuy.tests.Test_BestBuy_Ecommerce" name="add_item_shop_by_Department" time="0.0">
    <ignored/>
  </testcase> <!-- add_item_shop_by_Department -->
  <testcase classname="com.bestbuy.tests.Test_BestBuy_Ecommerce" name="signin_functionality_TestCase" time="0.0">
    <ignored/>
  </testcase> <!-- signin_functionality_TestCase -->
  <testcase classname="com.bestbuy.tests.Test_BestBuy_Ecommerce" name="Menu_Navigation_TestCase" time="0.0">
    <ignored/>
  </testcase> <!-- Menu_Navigation_TestCase -->
  <testcase classname="com.bestbuy.tests.Test_BestBuy_Ecommerce" name="Homepage_functionality_TestCase" time="0.0">
    <ignored/>
  </testcase> <!-- Homepage_functionality_TestCase -->
  <testcase classname="com.bestbuy.tests.Test_BestBuy_Ecommerce" name="Verify_OrderPlaced_TestCase" time="0.0">
    <ignored/>
  </testcase> <!-- Verify_OrderPlaced_TestCase -->
  <testcase classname="com.bestbuy.tests.Test_BestBuy_Ecommerce" name="closebrowser" time="0.0">
    <ignored/>
  </testcase> <!-- closebrowser -->
  <testcase classname="com.bestbuy.tests.Test_BestBuy_Ecommerce" name="add_to_cart_TestCase" time="0.0">
    <ignored/>
  </testcase> <!-- add_to_cart_TestCase -->
  <testcase classname="com.bestbuy.tests.Test_BestBuy_Ecommerce" name="Fill_payment_page" time="0.0">
    <ignored/>
  </testcase> <!-- Fill_payment_page -->
  <testcase classname="com.bestbuy.tests.Test_BestBuy_Ecommerce" name="Validate_BottomLink_TestCase" time="0.0">
    <ignored/>
  </testcase> <!-- Validate_BottomLink_TestCase -->
  <testcase classname="com.bestbuy.tests.Test_BestBuy_Ecommerce" name="add_item_By_brands" time="0.0">
    <ignored/>
  </testcase> <!-- add_item_By_brands -->
</testsuite> <!-- Default test -->
