<?xml version="1.0" encoding="UTF-8"?>
<testng-results ignored="12" total="14" passed="2" failed="0" skipped="0">
  <reporter-output>
  </reporter-output>
  <suite started-at="2024-07-04T12:54:05 IST" name="Default suite" finished-at="2024-07-04T12:56:19 IST" duration-ms="133709">
    <groups>
    </groups>
    <test started-at="2024-07-04T12:54:05 IST" name="Default test" finished-at="2024-07-04T12:56:19 IST" duration-ms="133709">
      <class name="com.bestbuy.tests.Test_BestBuy_Ecommerce">
        <test-method signature="launchbrowser_Navigate_to_url()[pri:1, instance:com.bestbuy.tests.Test_BestBuy_Ecommerce@25ce9dc4]" started-at="2024-07-04T12:54:05 IST" name="launchbrowser_Navigate_to_url" finished-at="2024-07-04T12:55:15 IST" duration-ms="69659" status="PASS">
          <reporter-output>
          </reporter-output>
        </test-method> <!-- launchbrowser_Navigate_to_url -->
        <test-method signature="signup_functionality_TestCase()[pri:4, instance:com.bestbuy.tests.Test_BestBuy_Ecommerce@25ce9dc4]" started-at="2024-07-04T12:55:15 IST" name="signup_functionality_TestCase" finished-at="2024-07-04T12:56:19 IST" duration-ms="63992" status="PASS">
          <reporter-output>
          </reporter-output>
        </test-method> <!-- signup_functionality_TestCase -->
      </class> <!-- com.bestbuy.tests.Test_BestBuy_Ecommerce -->
    </test> <!-- Default test -->
  </suite> <!-- Default suite -->
</testng-results>
